WARNING: A terminally deprecated method in sun.misc.Unsafe has been called
WARNING: sun.misc.Unsafe::staticFieldBase has been called by com.google.inject.internal.aop.HiddenClassDefiner (file:/opt/homebrew/Cellar/maven/3.9.11/libexec/lib/guice-5.1.0-classes.jar)
WARNING: Please consider reporting this to the maintainers of class com.google.inject.internal.aop.HiddenClassDefiner
WARNING: sun.misc.Unsafe::staticFieldBase will be removed in a future release
[INFO] Scanning for projects...
[INFO] 
[INFO] ------------------------< org.example:WorkThis >------------------------
[INFO] Building WorkThis 0.0.1-SNAPSHOT
[INFO]   from pom.xml
[INFO] --------------------------------[ jar ]---------------------------------
[INFO] 
[INFO] >>> spring-boot:3.5.5:run (default-cli) > test-compile @ WorkThis >>>
[INFO] 
[INFO] --- resources:3.3.1:resources (default-resources) @ WorkThis ---
[INFO] Copying 1 resource from src/main/resources to target/classes
[INFO] Copying 0 resource from src/main/resources to target/classes
[INFO] 
[INFO] --- compiler:3.14.0:compile (default-compile) @ WorkThis ---
[INFO] Nothing to compile - all classes are up to date.
[INFO] 
[INFO] --- resources:3.3.1:testResources (default-testResources) @ WorkThis ---
[INFO] skip non existing resourceDirectory /Users/sahanperera/Documents/Projects/workthis/src/test/resources
[INFO] 
[INFO] --- compiler:3.14.0:testCompile (default-testCompile) @ WorkThis ---
[INFO] Nothing to compile - all classes are up to date.
[INFO] 
[INFO] <<< spring-boot:3.5.5:run (default-cli) < test-compile @ WorkThis <<<
[INFO] 
[INFO] 
[INFO] --- spring-boot:3.5.5:run (default-cli) @ WorkThis ---
[INFO] Attaching agents: []

  .   ____          _            __ _ _
 /\\ / ___'_ __ _ _(_)_ __  __ _ \ \ \ \
( ( )\___ | '_ | '_| | '_ \/ _` | \ \ \ \
 \\/  ___)| |_)| | | | | || (_| |  ) ) ) )
  '  |____| .__|_| |_|_| |_\__, | / / / /
 =========|_|==============|___/=/_/_/_/

 :: Spring Boot ::                (v3.5.5)

2025-09-16T17:37:30.106+05:30  INFO 51980 --- [WorkThis] [  restartedMain] o.example.workthis.WorkThisApplication   : Starting WorkThisApplication using Java 24.0.2 with PID 51980 (/Users/sahanperera/Documents/Projects/workthis/target/classes started by sahanperera in /Users/sahanperera/Documents/Projects/workthis)
2025-09-16T17:37:30.107+05:30  INFO 51980 --- [WorkThis] [  restartedMain] o.example.workthis.WorkThisApplication   : No active profile set, falling back to 1 default profile: "default"
2025-09-16T17:37:30.120+05:30  INFO 51980 --- [WorkThis] [  restartedMain] .e.DevToolsPropertyDefaultsPostProcessor : Devtools property defaults active! Set 'spring.devtools.add-properties' to 'false' to disable
2025-09-16T17:37:30.120+05:30  INFO 51980 --- [WorkThis] [  restartedMain] .e.DevToolsPropertyDefaultsPostProcessor : For additional web related logging consider setting the 'logging.level.web' property to 'DEBUG'
2025-09-16T17:37:30.285+05:30  INFO 51980 --- [WorkThis] [  restartedMain] .s.d.r.c.RepositoryConfigurationDelegate : Bootstrapping Spring Data JPA repositories in DEFAULT mode.
2025-09-16T17:37:30.298+05:30  INFO 51980 --- [WorkThis] [  restartedMain] .s.d.r.c.RepositoryConfigurationDelegate : Finished Spring Data repository scanning in 11 ms. Found 1 JPA repository interface.
2025-09-16T17:37:30.449+05:30  INFO 51980 --- [WorkThis] [  restartedMain] o.s.b.w.embedded.tomcat.TomcatWebServer  : Tomcat initialized with port 8080 (http)
2025-09-16T17:37:30.453+05:30  INFO 51980 --- [WorkThis] [  restartedMain] o.apache.catalina.core.StandardService   : Starting service [Tomcat]
2025-09-16T17:37:30.453+05:30  INFO 51980 --- [WorkThis] [  restartedMain] o.apache.catalina.core.StandardEngine    : Starting Servlet engine: [Apache Tomcat/10.1.44]
2025-09-16T17:37:30.462+05:30  INFO 51980 --- [WorkThis] [  restartedMain] o.a.c.c.C.[Tomcat].[localhost].[/]       : Initializing Spring embedded WebApplicationContext
2025-09-16T17:37:30.462+05:30  INFO 51980 --- [WorkThis] [  restartedMain] w.s.c.ServletWebServerApplicationContext : Root WebApplicationContext: initialization completed in 342 ms
2025-09-16T17:37:30.514+05:30  INFO 51980 --- [WorkThis] [  restartedMain] o.hibernate.jpa.internal.util.LogHelper  : HHH000204: Processing PersistenceUnitInfo [name: default]
2025-09-16T17:37:30.524+05:30  INFO 51980 --- [WorkThis] [  restartedMain] org.hibernate.Version                    : HHH000412: Hibernate ORM core version 6.6.26.Final
2025-09-16T17:37:30.531+05:30  INFO 51980 --- [WorkThis] [  restartedMain] o.h.c.internal.RegionFactoryInitiator    : HHH000026: Second-level cache disabled
2025-09-16T17:37:30.594+05:30  INFO 51980 --- [WorkThis] [  restartedMain] o.s.o.j.p.SpringPersistenceUnitInfo      : No LoadTimeWeaver setup: ignoring JPA class transformer
2025-09-16T17:37:30.604+05:30  INFO 51980 --- [WorkThis] [  restartedMain] com.zaxxer.hikari.HikariDataSource       : HikariPool-1 - Starting...
2025-09-16T17:37:30.641+05:30  INFO 51980 --- [WorkThis] [  restartedMain] com.zaxxer.hikari.pool.HikariPool        : HikariPool-1 - Added connection org.postgresql.jdbc.PgConnection@127f649d
2025-09-16T17:37:30.641+05:30  INFO 51980 --- [WorkThis] [  restartedMain] com.zaxxer.hikari.HikariDataSource       : HikariPool-1 - Start completed.
2025-09-16T17:37:30.660+05:30  INFO 51980 --- [WorkThis] [  restartedMain] org.hibernate.orm.connections.pooling    : HHH10001005: Database info:
	Database JDBC URL [Connecting through datasource 'HikariDataSource (HikariPool-1)']
	Database driver: undefined/unknown
	Database version: 16.10
	Autocommit mode: undefined/unknown
	Isolation level: undefined/unknown
	Minimum pool size: undefined/unknown
	Maximum pool size: undefined/unknown
2025-09-16T17:37:30.863+05:30  INFO 51980 --- [WorkThis] [  restartedMain] o.h.e.t.j.p.i.JtaPlatformInitiator       : HHH000489: No JTA platform available (set 'hibernate.transaction.jta.platform' to enable JTA platform integration)
2025-09-16T17:37:30.877+05:30  INFO 51980 --- [WorkThis] [  restartedMain] j.LocalContainerEntityManagerFactoryBean : Initialized JPA EntityManagerFactory for persistence unit 'default'
2025-09-16T17:37:30.961+05:30  INFO 51980 --- [WorkThis] [  restartedMain] o.s.d.j.r.query.QueryEnhancerFactory     : Hibernate is in classpath; If applicable, HQL parser will be used.
2025-09-16T17:37:31.133+05:30  INFO 51980 --- [WorkThis] [  restartedMain] eAuthenticationProviderManagerConfigurer : Global AuthenticationManager configured with AuthenticationProvider bean with name authenticationProvider
2025-09-16T17:37:31.133+05:30  WARN 51980 --- [WorkThis] [  restartedMain] r$InitializeUserDetailsManagerConfigurer : Global AuthenticationManager configured with an AuthenticationProvider bean. UserDetailsService beans will not be used by Spring Security for automatically configuring username/password login. Consider removing the AuthenticationProvider bean. Alternatively, consider using the UserDetailsService in a manually instantiated DaoAuthenticationProvider. If the current configuration is intentional, to turn off this warning, increase the logging level of 'org.springframework.security.config.annotation.authentication.configuration.InitializeUserDetailsBeanManagerConfigurer' to ERROR
2025-09-16T17:37:31.143+05:30  WARN 51980 --- [WorkThis] [  restartedMain] JpaBaseConfiguration$JpaWebConfiguration : spring.jpa.open-in-view is enabled by default. Therefore, database queries may be performed during view rendering. Explicitly configure spring.jpa.open-in-view to disable this warning
2025-09-16T17:37:31.260+05:30  INFO 51980 --- [WorkThis] [  restartedMain] o.s.b.d.a.OptionalLiveReloadServer       : LiveReload server is running on port 35729
2025-09-16T17:37:31.269+05:30  INFO 51980 --- [WorkThis] [  restartedMain] o.s.b.w.embedded.tomcat.TomcatWebServer  : Tomcat started on port 8080 (http) with context path '/'
2025-09-16T17:37:31.272+05:30  INFO 51980 --- [WorkThis] [  restartedMain] o.example.workthis.WorkThisApplication   : Started WorkThisApplication in 1.271 seconds (process running for 1.379)
2025-09-16T17:37:51.606+05:30  INFO 51980 --- [WorkThis] [nio-8080-exec-1] o.a.c.c.C.[Tomcat].[localhost].[/]       : Initializing Spring DispatcherServlet 'dispatcherServlet'
2025-09-16T17:37:51.606+05:30  INFO 51980 --- [WorkThis] [nio-8080-exec-1] o.s.web.servlet.DispatcherServlet        : Initializing Servlet 'dispatcherServlet'
2025-09-16T17:37:51.607+05:30  INFO 51980 --- [WorkThis] [nio-8080-exec-1] o.s.web.servlet.DispatcherServlet        : Completed initialization in 1 ms
Hibernate: select nextval('client_seq')
Hibernate: insert into client (email,name,password,id) values (?,?,?,?)
Hibernate: select c1_0.id,c1_0.email,c1_0.name,c1_0.password from client c1_0 where c1_0.email=?
Hibernate: select c1_0.id,c1_0.email,c1_0.name,c1_0.password from client c1_0 where c1_0.email=?
2025-09-16T17:38:41.836+05:30  INFO 51980 --- [WorkThis] [ionShutdownHook] o.s.b.w.e.tomcat.GracefulShutdown        : Commencing graceful shutdown. Waiting for active requests to complete
2025-09-16T17:38:41.839+05:30  INFO 51980 --- [WorkThis] [tomcat-shutdown] o.s.b.w.e.tomcat.GracefulShutdown        : Graceful shutdown complete
2025-09-16T17:38:41.842+05:30  INFO 51980 --- [WorkThis] [ionShutdownHook] j.LocalContainerEntityManagerFactoryBean : Closing JPA EntityManagerFactory for persistence unit 'default'
2025-09-16T17:38:41.843+05:30  INFO 51980 --- [WorkThis] [ionShutdownHook] com.zaxxer.hikari.HikariDataSource       : HikariPool-1 - Shutdown initiated...
2025-09-16T17:38:41.844+05:30  INFO 51980 --- [WorkThis] [ionShutdownHook] com.zaxxer.hikari.HikariDataSource       : HikariPool-1 - Shutdown completed.
